Figwheel: focusing on build-ids (app)
[0mCompiling "resources/public/js/app.js" from ["src/cljs" "env/dev/cljs"]...
[32mSuccessfully compiled "resources/public/js/app.js" in 0.168 seconds.[0m
notifying browser that file changed:  resources/public/js/out/goog/deps.js
notifying browser that file changed:  resources/public/js/out/cljs_deps.js
notifying browser that file changed:  /guitar1/core.js
notifying browser that file changed:  /guitar1/dev.js
Figwheel: focusing on build-ids (app)
[0mCompiling "resources/public/js/app.js" from ["src/cljs" "env/dev/cljs"]...
[32mSuccessfully compiled "resources/public/js/app.js" in 0.179 seconds.[0m
notifying browser that file changed:  resources/public/js/out/goog/deps.js
notifying browser that file changed:  resources/public/js/out/cljs_deps.js
notifying browser that file changed:  /guitar1/core.js
notifying browser that file changed:  /guitar1/dev.js
notifying browser that file changed:  /guitar1/neck.js
[0mCompiling "resources/public/js/app.js" from ["src/cljs" "env/dev/cljs"]...
WARNING: Use of undeclared Var guitar1.neck/string-html at line 15 src/cljs/guitar1/neck.cljs
[32mSuccessfully compiled "resources/public/js/app.js" in 0.341 seconds.[0m
notifying browser that file changed:  /guitar1/neck.js
notifying browser that file changed:  /guitar1/core.js
[0mCompiling "resources/public/js/app.js" from ["src/cljs" "env/dev/cljs"]...
WARNING: Use of undeclared Var guitar1.neck/string-html at line 15 src/cljs/guitar1/neck.cljs
[32mSuccessfully compiled "resources/public/js/app.js" in 0.296 seconds.[0m
notifying browser that file changed:  /guitar1/neck.js
notifying browser that file changed:  /guitar1/core.js
[0mCompiling "resources/public/js/app.js" from ["src/cljs" "env/dev/cljs"]...
[31mCompiling "resources/public/js/app.js" failed.[0m
[31mclojure.lang.ExceptionInfo: [39m[31mfailed compiling file:src/cljs/guitar1/neck.cljs[39m
[35m                core.clj:4403 clojure.core/ex-info[39m
[32m            compiler.clj:1122 cljs.compiler/compile-file[fn][39m
[32m            compiler.clj:1090 cljs.compiler/compile-file[39m
[32m            compiler.clj:1152 cljs.compiler/compile-root[39m
[32m              closure.clj:367 cljs.closure/compile-dir[39m
[32m              closure.clj:407 cljs.closure/eval12185[fn][39m
[32m              closure.clj:315 cljs.closure/eval12121[fn][39m
[32m              closure.clj:421 cljs.closure/eval12172[fn][39m
[32m              closure.clj:315 cljs.closure/eval12121[fn][39m
[32m                  core.clj:18 clojurescript-build.core.CompilableSourcePaths/fn[39m
[35m                core.clj:2557 clojure.core/map[fn][39m
[36m              LazySeq.java:40 clojure.lang.LazySeq.sval[39m
[36m              LazySeq.java:49 clojure.lang.LazySeq.seq[39m
[36m                  RT.java:484 clojure.lang.RT.seq[39m
[35m                 core.clj:133 clojure.core/seq[39m
[35m                 core.clj:624 clojure.core/apply[39m
[35m                core.clj:2586 clojure.core/mapcat[39m
[36m              RestFn.java:423 clojure.lang.RestFn.invoke[39m
[32m                  core.clj:18 clojurescript-build.core/clojurescript-build.core.CompilableSourcePaths[39m
[32m             closure.clj:1413 cljs.closure/build[39m
[32m                 core.clj:150 clojurescript-build.core/build-source-paths*[39m
[32m          auto_builder.clj:59 figwheel-sidecar.auto-builder/warning[fn][39m
[32m                  auto.clj:55 clojurescript-build.auto/time-build[fn][39m
[32m                  auto.clj:64 clojurescript-build.auto/after[fn][39m
[32m                  auto.clj:64 clojurescript-build.auto/after[fn][39m
[32m                  auto.clj:64 clojurescript-build.auto/after[fn][39m
[32m                  auto.clj:71 clojurescript-build.auto/error[fn][39m
[32m                  auto.clj:60 clojurescript-build.auto/before[fn][39m
[32m                 auto.clj:103 clojurescript-build.auto/make-conditional-builder[fn][39m
[35m                core.clj:6353 clojure.core/mapv[fn][39m
[36m           ArrayChunk.java:58 clojure.lang.ArrayChunk.reduce[39m
[35m             protocols.clj:98 clojure.core.protocols/fn[39m
[35m             protocols.clj:19 clojure.core.protocols/fn[fn][39m
[35m             protocols.clj:31 clojure.core.protocols/seq-reduce[39m
[35m             protocols.clj:60 clojure.core.protocols/fn[39m
[35m             protocols.clj:13 clojure.core.protocols/fn[fn][39m
[35m                core.clj:6289 clojure.core/reduce[39m
[35m                core.clj:6353 clojure.core/mapv[39m
[32m                 auto.clj:184 clojurescript-build.auto/autobuild*[fn][39m
[32m                 auto.clj:177 clojurescript-build.auto/autobuild*[fn][39m
[35m           ioc_macros.clj:940 clojure.core.async.impl.ioc-macros/run-state-machine[39m
[35m           ioc_macros.clj:944 clojure.core.async.impl.ioc-macros/run-state-machine-wrapped[39m
[35m                async.clj:362 clojure.core.async/ioc-alts![fn][39m
[35m                async.clj:231 clojure.core.async/do-alts[fn][39m
[35m             channels.clj:262 clojure.core.async.impl.channels.ManyToManyChannel/fn[39m
[36m                  AFn.java:22 clojure.lang.AFn.run[39m
[34m ThreadPoolExecutor.java:1145 java.util.concurrent.ThreadPoolExecutor.runWorker[39m
[34m  ThreadPoolExecutor.java:615 java.util.concurrent.ThreadPoolExecutor$Worker.run[39m
[34m              Thread.java:744 java.lang.Thread.run[39m
[31mCaused by: [39m[31mclojure.lang.ExceptionInfo: [39m[31mUnsupported binding key: :div.neck at line 15 src/cljs/guitar1/neck.cljs[39m
[35m                core.clj:4403 clojure.core/ex-info[39m
[32m             analyzer.clj:379 cljs.analyzer/error[39m
[32m            analyzer.clj:1786 cljs.analyzer/macroexpand-1[39m
[32m            analyzer.clj:1829 cljs.analyzer/analyze-seq[39m
[32m            analyzer.clj:1925 cljs.analyzer/analyze[fn][39m
[32m            analyzer.clj:1918 cljs.analyzer/analyze[39m
[32m            analyzer.clj:1911 cljs.analyzer/analyze[39m
[32m            analyzer.clj:1910 cljs.analyzer/analyze[39m
[32m            analyzer.clj:1057 cljs.analyzer/eval1416[fn][39m
[36m             MultiFn.java:249 clojure.lang.MultiFn.invoke[39m
[32m            analyzer.clj:1833 cljs.analyzer/analyze-seq[39m
[32m            analyzer.clj:1925 cljs.analyzer/analyze[fn][39m
[32m            analyzer.clj:1918 cljs.analyzer/analyze[39m
[32m            analyzer.clj:1911 cljs.analyzer/analyze[39m
[32m            analyzer.clj:1910 cljs.analyzer/analyze[39m
[32m             analyzer.clj:933 cljs.analyzer/analyze-fn-method[fn][39m
[32m             analyzer.clj:932 cljs.analyzer/analyze-fn-method[39m
[32m             analyzer.clj:969 cljs.analyzer/eval1375[fn][39m
[35m                core.clj:2559 clojure.core/map[fn][39m
[36m              LazySeq.java:40 clojure.lang.LazySeq.sval[39m
[36m              LazySeq.java:49 clojure.lang.LazySeq.seq[39m
[36m                  RT.java:484 clojure.lang.RT.seq[39m
[35m                 core.clj:133 clojure.core/seq[39m
[35m                core.clj:2551 clojure.core/map[fn][39m
[36m              LazySeq.java:40 clojure.lang.LazySeq.sval[39m
[36m              LazySeq.java:49 clojure.lang.LazySeq.seq[39m
[36m                  RT.java:484 clojure.lang.RT.seq[39m
[35m                 core.clj:133 clojure.core/seq[39m
[35m                 core.clj:624 clojure.core/apply[39m
[32m             analyzer.clj:970 cljs.analyzer/eval1375[fn][39m
[36m             MultiFn.java:249 clojure.lang.MultiFn.invoke[39m
[32m            analyzer.clj:1833 cljs.analyzer/analyze-seq[39m
[32m            analyzer.clj:1925 cljs.analyzer/analyze[fn][39m
[32m            analyzer.clj:1918 cljs.analyzer/analyze[39m
[32m            analyzer.clj:1835 cljs.analyzer/analyze-seq[39m
[32m            analyzer.clj:1925 cljs.analyzer/analyze[fn][39m
[32m            analyzer.clj:1918 cljs.analyzer/analyze[39m
[32m            analyzer.clj:1911 cljs.analyzer/analyze[39m
[32m             analyzer.clj:826 cljs.analyzer/eval1331[fn][39m
[32m             analyzer.clj:825 cljs.analyzer/eval1331[fn][39m
[36m             MultiFn.java:249 clojure.lang.MultiFn.invoke[39m
[32m            analyzer.clj:1833 cljs.analyzer/analyze-seq[39m
[32m            analyzer.clj:1925 cljs.analyzer/analyze[fn][39m
[32m            analyzer.clj:1918 cljs.analyzer/analyze[39m
[32m            analyzer.clj:1835 cljs.analyzer/analyze-seq[39m
[32m            analyzer.clj:1925 cljs.analyzer/analyze[fn][39m
[32m            analyzer.clj:1918 cljs.analyzer/analyze[39m
[32m            compiler.clj:1008 cljs.compiler/compile-file*[fn][39m
[32m             compiler.clj:950 cljs.compiler/with-core-cljs[39m
[32m             compiler.clj:970 cljs.compiler/compile-file*[39m
[32m            compiler.clj:1107 cljs.compiler/compile-file[fn][39m
[31mCaused by: [39m[31mjava.lang.Exception: [39m[31mUnsupported binding key: :div.neck[39m
[32m                 core.clj:160 cljs.core/destructure[39m
[32m                 core.clj:173 cljs.core/let[39m
[36m              RestFn.java:445 clojure.lang.RestFn.invoke[39m
[36m                 AFn.java:160 clojure.lang.AFn.applyToHelper[39m
[36m              RestFn.java:132 clojure.lang.RestFn.applyTo[39m
[36m            AFunction.java:29 clojure.lang.AFunction$1.doInvoke[39m
[36m              RestFn.java:137 clojure.lang.RestFn.applyTo[39m
[35m                 core.clj:628 clojure.core/apply[39m
[32m            analyzer.clj:1792 cljs.analyzer/macroexpand-1[39m
[0mCompiling "resources/public/js/app.js" from ["src/cljs" "env/dev/cljs"]...
WARNING: Use of undeclared Var guitar1.neck/string-html at line 15 src/cljs/guitar1/neck.cljs
[32mSuccessfully compiled "resources/public/js/app.js" in 0.282 seconds.[0m
notifying browser that file changed:  /guitar1/neck.js
notifying browser that file changed:  /guitar1/core.js
[0mCompiling "resources/public/js/app.js" from ["src/cljs" "env/dev/cljs"]...
WARNING: Use of undeclared Var guitar1.neck/string-html at line 15 src/cljs/guitar1/neck.cljs
[32mSuccessfully compiled "resources/public/js/app.js" in 0.267 seconds.[0m
notifying browser that file changed:  /guitar1/neck.js
notifying browser that file changed:  /guitar1/core.js
[0mCompiling "resources/public/js/app.js" from ["src/cljs" "env/dev/cljs"]...
WARNING: Use of undeclared Var guitar1.neck/string-html at line 15 src/cljs/guitar1/neck.cljs
[32mSuccessfully compiled "resources/public/js/app.js" in 0.258 seconds.[0m
notifying browser that file changed:  resources/public/js/out/cljs_deps.js
notifying browser that file changed:  /guitar1/neck.js
notifying browser that file changed:  /guitar1/core.js
[0mCompiling "resources/public/js/app.js" from ["src/cljs" "env/dev/cljs"]...
[32mSuccessfully compiled "resources/public/js/app.js" in 0.238 seconds.[0m
notifying browser that file changed:  resources/public/js/out/cljs_deps.js
notifying browser that file changed:  /guitar1/neck.js
notifying browser that file changed:  /guitar1/core.js
[0mCompiling "resources/public/js/app.js" from ["src/cljs" "env/dev/cljs"]...
[32mSuccessfully compiled "resources/public/js/app.js" in 0.223 seconds.[0m
notifying browser that file changed:  /guitar1/neck.js
notifying browser that file changed:  /guitar1/core.js
[0mCompiling "resources/public/js/app.js" from ["src/cljs" "env/dev/cljs"]...
[32mSuccessfully compiled "resources/public/js/app.js" in 0.212 seconds.[0m
notifying browser that file changed:  /guitar1/neck.js
notifying browser that file changed:  /guitar1/core.js
[0mCompiling "resources/public/js/app.js" from ["src/cljs" "env/dev/cljs"]...
[32mSuccessfully compiled "resources/public/js/app.js" in 0.21 seconds.[0m
notifying browser that file changed:  resources/public/js/out/cljs_deps.js
notifying browser that file changed:  /guitar1/neck.js
notifying browser that file changed:  /guitar1/core.js
[0mCompiling "resources/public/js/app.js" from ["src/cljs" "env/dev/cljs"]...
[32mSuccessfully compiled "resources/public/js/app.js" in 0.212 seconds.[0m
notifying browser that file changed:  resources/public/js/out/cljs_deps.js
notifying browser that file changed:  /guitar1/neck.js
notifying browser that file changed:  /guitar1/core.js
sending changed CSS file: resources/public/css/site.css
sending changed CSS file: resources/public/css/site.css
sending changed CSS file: resources/public/css/site.css
sending changed CSS file: resources/public/css/site.css
sending changed CSS file: resources/public/css/site.css
sending changed CSS file: resources/public/css/site.css
sending changed CSS file: resources/public/css/site.css
sending changed CSS file: resources/public/css/site.css
sending changed CSS file: resources/public/css/site.css
sending changed CSS file: resources/public/css/site.css
sending changed CSS file: resources/public/css/site.css
sending changed CSS file: resources/public/css/site.css
sending changed CSS file: resources/public/css/site.css
sending changed CSS file: resources/public/css/site.css
sending changed CSS file: resources/public/css/site.css
sending changed CSS file: resources/public/css/site.css
sending changed CSS file: resources/public/css/site.css
sending changed CSS file: resources/public/css/site.css
sending changed CSS file: resources/public/css/site.css
[0mCompiling "resources/public/js/app.js" from ["src/cljs" "env/dev/cljs"]...
[32mSuccessfully compiled "resources/public/js/app.js" in 0.207 seconds.[0m
notifying browser that file changed:  /guitar1/neck.js
notifying browser that file changed:  /guitar1/core.js
[0mCompiling "resources/public/js/app.js" from ["src/cljs" "env/dev/cljs"]...
[32mSuccessfully compiled "resources/public/js/app.js" in 0.208 seconds.[0m
notifying browser that file changed:  /guitar1/neck.js
notifying browser that file changed:  /guitar1/core.js
[0mCompiling "resources/public/js/app.js" from ["src/cljs" "env/dev/cljs"]...
[32mSuccessfully compiled "resources/public/js/app.js" in 0.213 seconds.[0m
notifying browser that file changed:  resources/public/js/out/cljs_deps.js
notifying browser that file changed:  /guitar1/neck.js
notifying browser that file changed:  /guitar1/core.js
[0mCompiling "resources/public/js/app.js" from ["src/cljs" "env/dev/cljs"]...
[32mSuccessfully compiled "resources/public/js/app.js" in 0.28 seconds.[0m
notifying browser that file changed:  resources/public/js/out/cljs_deps.js
notifying browser that file changed:  /guitar1/neck.js
notifying browser that file changed:  /guitar1/core.js
[0mCompiling "resources/public/js/app.js" from ["src/cljs" "env/dev/cljs"]...
[32mSuccessfully compiled "resources/public/js/app.js" in 0.21 seconds.[0m
notifying browser that file changed:  /guitar1/neck.js
notifying browser that file changed:  /guitar1/core.js
[0mCompiling "resources/public/js/app.js" from ["src/cljs" "env/dev/cljs"]...
[32mSuccessfully compiled "resources/public/js/app.js" in 0.198 seconds.[0m
notifying browser that file changed:  /guitar1/neck.js
notifying browser that file changed:  /guitar1/core.js
sending changed CSS file: resources/public/css/site.css
sending changed CSS file: resources/public/css/site.css
sending changed CSS file: resources/public/css/site.css
sending changed CSS file: resources/public/css/site.css
sending changed CSS file: resources/public/css/site.css
sending changed CSS file: resources/public/css/site.css
[0mCompiling "resources/public/js/app.js" from ["src/cljs" "env/dev/cljs"]...
[32mSuccessfully compiled "resources/public/js/app.js" in 0.19 seconds.[0m
notifying browser that file changed:  /guitar1/neck.js
notifying browser that file changed:  /guitar1/core.js
[0mCompiling "resources/public/js/app.js" from ["src/cljs" "env/dev/cljs"]...
[32mSuccessfully compiled "resources/public/js/app.js" in 0.271 seconds.[0m
notifying browser that file changed:  /guitar1/neck.js
notifying browser that file changed:  /guitar1/core.js
[0mCompiling "resources/public/js/app.js" from ["src/cljs" "env/dev/cljs"]...
[32mSuccessfully compiled "resources/public/js/app.js" in 0.209 seconds.[0m
notifying browser that file changed:  /guitar1/neck.js
notifying browser that file changed:  /guitar1/core.js
[0mCompiling "resources/public/js/app.js" from ["src/cljs" "env/dev/cljs"]...
[32mSuccessfully compiled "resources/public/js/app.js" in 0.206 seconds.[0m
notifying browser that file changed:  /guitar1/neck.js
notifying browser that file changed:  /guitar1/core.js
[0mCompiling "resources/public/js/app.js" from ["src/cljs" "env/dev/cljs"]...
[32mSuccessfully compiled "resources/public/js/app.js" in 0.214 seconds.[0m
notifying browser that file changed:  /guitar1/neck.js
notifying browser that file changed:  /guitar1/core.js
[0mCompiling "resources/public/js/app.js" from ["src/cljs" "env/dev/cljs"]...
[32mSuccessfully compiled "resources/public/js/app.js" in 0.218 seconds.[0m
notifying browser that file changed:  /guitar1/neck.js
notifying browser that file changed:  /guitar1/core.js
[0mCompiling "resources/public/js/app.js" from ["src/cljs" "env/dev/cljs"]...
[32mSuccessfully compiled "resources/public/js/app.js" in 0.22 seconds.[0m
notifying browser that file changed:  resources/public/js/out/cljs_deps.js
notifying browser that file changed:  /guitar1/neck.js
notifying browser that file changed:  /guitar1/core.js
[0mCompiling "resources/public/js/app.js" from ["src/cljs" "env/dev/cljs"]...
[32mSuccessfully compiled "resources/public/js/app.js" in 0.299 seconds.[0m
notifying browser that file changed:  resources/public/js/out/cljs_deps.js
notifying browser that file changed:  /guitar1/neck.js
notifying browser that file changed:  /guitar1/core.js
[0mCompiling "resources/public/js/app.js" from ["src/cljs" "env/dev/cljs"]...
[32mSuccessfully compiled "resources/public/js/app.js" in 0.212 seconds.[0m
notifying browser that file changed:  /guitar1/neck.js
notifying browser that file changed:  /guitar1/core.js
